<?xml version="1.0" encoding="utf-8"?><testsuites><testsuite errors="0" failures="0" hostname="localhost" name="pytest" skipped="13" tests="193" time="23.130" timestamp="2020-05-13T10:17:49.307723"><testcase classname="new_case.configmap.test_configmap.TestCMSuite" file="new_case/configmap/test_configmap.py" line="28" name="测试key_value模式配置字典增加" time="2.005"></testcase><testcase classname="new_case.service.test_service.TestService" file="new_case/service/test_service.py" line="22" name="测试_标准API_创建内部路由_ClusterIP一组数据" time="2.017"></testcase><testcase classname="new_case.configmap.test_configmap.TestCMSuite" file="new_case/configmap/test_configmap.py" line="37" name="测试配置字典列表_无limit参数" time="0.063"></testcase><testcase classname="new_case.service.test_service.TestService" file="new_case/service/test_service.py" line="30" name="测试_标准API_内部路由详情_ClusterIP一组数据" time="0.070"></testcase><testcase classname="new_case.secret.test_secret.Testsecret" file="new_case/secret/test_secret.py" line="25" name="测试TLS保密字典创建" time="2.208"></testcase><testcase classname="new_case.configmap.test_configmap.TestCMSuite" file="new_case/configmap/test_configmap.py" line="50" name="测试key_value模式配置字典更新" time="0.147"></testcase><testcase classname="new_case.domain.test_domain.TestDomainSuite" file="new_case/domain/test_domain.py" line="22" name="测试域名之泛域名增加无集群无项目" time="2.247"></testcase><testcase classname="new_case.ingress.test_ingress.TestIngress" file="new_case/ingress/test_ingress.py" line="20" name="测试_标准API_创建访问规则[http类型一组规则和一个域名]" time="2.403"></testcase><testcase classname="new_case.domain.test_domain.TestDomainSuite" file="new_case/domain/test_domain.py" line="43" name="测试域名之全域名增加有集群无项目" time="0.237"></testcase><testcase classname="new_case.ingress.test_ingress.TestIngress" file="new_case/ingress/test_ingress.py" line="30" name="测试_标准API_访问规则详情[http类型一组规则和一个域名]" time="0.087"></testcase><testcase classname="new_case.configmap.test_configmap.TestCMSuite" file="new_case/configmap/test_configmap.py" line="60" name="测试key_value模式配置字典详情" time="0.319"></testcase><testcase classname="new_case.domain.test_domain.TestDomainSuite" file="new_case/domain/test_domain.py" line="64" name="测试域名之泛域名列表" time="0.062"></testcase><testcase classname="new_case.ingress.test_ingress.TestIngress" file="new_case/ingress/test_ingress.py" line="40" name="测试_标准API_访问规则列表[http类型一组规则和一个域名]" time="0.065"></testcase><testcase classname="new_case.secret.test_secret.Testsecret" file="new_case/secret/test_secret.py" line="37" name="测试获取保密字典列表" time="0.412"></testcase><testcase classname="new_case.ingress.test_ingress.TestIngress" file="new_case/ingress/test_ingress.py" line="53" name="测试_标准API_搜索访问规则[http类型一组规则和一个域名]" time="0.064"></testcase><testcase classname="new_case.configmap.test_configmap.TestCMSuite" file="new_case/configmap/test_configmap.py" line="70" name="测试key_value模式配置字典删除" time="0.151"></testcase><testcase classname="new_case.domain.test_domain.TestDomainSuite" file="new_case/domain/test_domain.py" line="83" name="测试域名之泛域名更新添加集群" time="0.149"></testcase><testcase classname="new_case.secret.test_secret.Testsecret" file="new_case/secret/test_secret.py" line="43" name="测试更新TLS保密字典" time="0.159"></testcase><testcase classname="new_case.ingress.test_ingress.TestIngress" file="new_case/ingress/test_ingress.py" line="64" name="测试_标准API_更新访问规则[http类型一组规则和一个域名]" time="0.201"></testcase><testcase classname="new_case.domain.test_domain.TestDomainSuite" file="new_case/domain/test_domain.py" line="96" name="测试域名之全域名更新去除集群" time="0.156"></testcase><testcase classname="new_case.secret.test_secret.Testsecret" file="new_case/secret/test_secret.py" line="55" name="测试获取TLS保密字典详情" time="0.099"></testcase><testcase classname="new_case.domain.test_domain.TestDomainSuite" file="new_case/domain/test_domain.py" line="109" name="测试域名之泛域名详情" time="0.062"></testcase><testcase classname="new_case.ingress.test_ingress.TestIngress" file="new_case/ingress/test_ingress.py" line="77" name="测试_标准API_删除访问规则[http类型一组规则和一个域名]" time="0.149"></testcase><testcase classname="new_case.domain.test_domain.TestDomainSuite" file="new_case/domain/test_domain.py" line="121" name="测试域名之全域名详情" time="0.059"></testcase><testcase classname="new_case.secret.test_secret.Testsecret" file="new_case/secret/test_secret.py" line="66" name="测试删除TLS保密字典" time="0.200"></testcase><testcase classname="new_case.domain.test_domain.TestDomainSuite" file="new_case/domain/test_domain.py" line="133" name="测试域名之泛域名删除" time="0.124"></testcase><testcase classname="new_case.ingress.test_ingress_test1_post_L1.TestPostIngress" file="new_case/ingress/test_ingress_test1_post_L1.py" line="14" name="测试_标准API_创建访问规则L1[https类型一组规则和一个域名]" time="0.129"></testcase><testcase classname="new_case.secret.test_secret_test2_post.TestPostSecret" file="new_case/secret/test_secret_test2_post.py" line="25" name="测试创建各种保密字典[Opaque类型]" time="0.189"></testcase><testcase classname="new_case.ingress.test_ingress_test1_post_L1.TestPostIngress" file="new_case/ingress/test_ingress_test1_post_L1.py" line="14" name="测试_标准API_创建访问规则L1[无数据]" time="0.195"></testcase><testcase classname="new_case.domain.test_domain.TestDomainSuite" file="new_case/domain/test_domain.py" line="140" name="测试域名之全域名删除" time="0.225"></testcase><testcase classname="new_case.secret.test_secret_test2_post.TestPostSecret" file="new_case/secret/test_secret_test2_post.py" line="25" name="测试创建各种保密字典[SSH类型]" time="0.115"></testcase><testcase classname="new_case.ingress.test_ingress_test1_post_L1.TestPostIngress" file="new_case/ingress/test_ingress_test1_post_L1.py" line="14" name="测试_标准API_创建访问规则L1[http类型多组规则]" time="0.116"></testcase><testcase classname="new_case.domain.test_domain_test1_post_L1.TestPostDomain" file="new_case/domain/test_domain_test1_post_L1.py" line="13" name="测试_创建全域名_L1[有指定项目有集群]" time="0.169"></testcase><testcase classname="new_case.secret.test_secret_test2_post.TestPostSecret" file="new_case/secret/test_secret_test2_post.py" line="25" name="测试创建各种保密字典[用户名-密码类型]" time="0.158"></testcase><testcase classname="new_case.ingress.test_ingress_test1_post_L1.TestPostIngress" file="new_case/ingress/test_ingress_test1_post_L1.py" line="14" name="测试_标准API_创建访问规则L1[http类型只有规则]" time="0.159"></testcase><testcase classname="new_case.domain.test_domain_test1_post_L1.TestPostDomain" file="new_case/domain/test_domain_test1_post_L1.py" line="13" name="测试_创建全域名_L1[无集群无项目]" time="0.156"></testcase><testcase classname="new_case.secret.test_secret_test2_post.TestPostSecret" file="new_case/secret/test_secret_test2_post.py" line="25" name="测试创建各种保密字典[镜像服务类型]" time="0.169"></testcase><testcase classname="new_case.ingress.test_ingress_test1_post_L1.TestPostIngress" file="new_case/ingress/test_ingress_test1_post_L1.py" line="14" name="测试_标准API_创建访问规则L1[http类型只有域名]" time="0.170"></testcase><testcase classname="new_case.domain.test_domain_test1_post_L1.TestPostDomain" file="new_case/domain/test_domain_test1_post_L1.py" line="13" name="测试_创建全域名_L1[有集群分配到全部项目]" time="0.160"></testcase><testcase classname="new_case.secret.test_secret_test2_post.TestPostSecret" file="new_case/secret/test_secret_test2_post.py" line="37" name="测试创建包含多组数据的保密字典" time="0.156"></testcase><testcase classname="new_case.ingress.test_ingress_test1_post_L1.TestPostIngress" file="new_case/ingress/test_ingress_test1_post_L1.py" line="23" name="测试_标准API_创建访问规则L1_已存在" time="0.151"></testcase><testcase classname="new_case.domain.test_domain_test1_post_L1.TestPostDomain" file="new_case/domain/test_domain_test1_post_L1.py" line="13" name="测试_创建全域名_L1[有集群指定不存在的项目]" time="0.151"></testcase><testcase classname="new_case.ingress.test_ingress_test2_get_L1.TestGetIngress" file="new_case/ingress/test_ingress_test2_get_L1.py" line="14" name="测试_标准API_访问规则详情L1[https类型一组规则和一个域名]" time="0.074"></testcase><testcase classname="new_case.secret.test_secret_test3_get.TestGetSecret" file="new_case/secret/test_secret_test3_get.py" line="24" name="测试获取保密字典列表_不带limit" time="0.110"></testcase><testcase classname="new_case.ingress.test_ingress_test2_get_L1.TestGetIngress" file="new_case/ingress/test_ingress_test2_get_L1.py" line="14" name="测试_标准API_访问规则详情L1[无数据]" time="0.059"></testcase><testcase classname="new_case.secret.test_secret_test3_get.TestGetSecret" file="new_case/secret/test_secret_test3_get.py" line="33" name="测试获取保密字典列表_带limit" time="0.054"></testcase><testcase classname="new_case.ingress.test_ingress_test2_get_L1.TestGetIngress" file="new_case/ingress/test_ingress_test2_get_L1.py" line="14" name="测试_标准API_访问规则详情L1[http类型多组规则]" time="0.068"></testcase><testcase classname="new_case.secret.test_secret_test3_get.TestGetSecret" file="new_case/secret/test_secret_test3_get.py" line="41" name="测试_搜索secret" time="0.065"></testcase><testcase classname="new_case.domain.test_domain_test1_post_L1.TestPostDomain" file="new_case/domain/test_domain_test1_post_L1.py" line="13" name="测试_创建全域名_L1[指定不存在的集群指定项目]" time="0.167"></testcase><testcase classname="new_case.ingress.test_ingress_test2_get_L1.TestGetIngress" file="new_case/ingress/test_ingress_test2_get_L1.py" line="14" name="测试_标准API_访问规则详情L1[http类型只有规则]" time="0.060"></testcase><testcase classname="new_case.ingress.test_ingress_test2_get_L1.TestGetIngress" file="new_case/ingress/test_ingress_test2_get_L1.py" line="14" name="测试_标准API_访问规则详情L1[http类型只有域名]" time="0.063"></testcase><testcase classname="new_case.secret.test_secret_test4_put.TestPutSecret" file="new_case/secret/test_secret_test4_put.py" line="43" name="测试更新各种类型保密字典的数据[Opaque类型]" time="0.182"></testcase><testcase classname="new_case.ingress.test_ingress_test2_get_L1.TestGetIngress" file="new_case/ingress/test_ingress_test2_get_L1.py" line="23" name="测试_标准API_访问规则详情L1_不存在" time="0.060"></testcase><testcase classname="new_case.domain.test_domain_test1_post_L1.TestPostDomain" file="new_case/domain/test_domain_test1_post_L1.py" line="21" name="测试_创建泛域名_L1[有指定项目有集群]" time="0.162"></testcase><testcase classname="new_case.ingress.test_ingress_test3_list_L1.TestListIngress" file="new_case/ingress/test_ingress_test3_list_L1.py" line="15" name="测试_标准API_访问规则列表L1_不存在" time="0.061"></testcase><testcase classname="new_case.domain.test_domain_test1_post_L1.TestPostDomain" file="new_case/domain/test_domain_test1_post_L1.py" line="21" name="测试_创建泛域名_L1[无集群无项目]" time="0.151"></testcase><testcase classname="new_case.ingress.test_ingress_test3_list_L1.TestListIngress" file="new_case/ingress/test_ingress_test3_list_L1.py" line="21" name="测试_标准API_访问规则列表L1_有limit和continue参数" time="0.114"></testcase><testcase classname="new_case.secret.test_secret_test4_put.TestPutSecret" file="new_case/secret/test_secret_test4_put.py" line="43" name="测试更新各种类型保密字典的数据[SSH类型]" time="0.177"></testcase><testcase classname="new_case.domain.test_domain_test1_post_L1.TestPostDomain" file="new_case/domain/test_domain_test1_post_L1.py" line="21" name="测试_创建泛域名_L1[有集群分配到全部项目]" time="0.154"></testcase><testcase classname="new_case.secret.test_secret_test4_put.TestPutSecret" file="new_case/secret/test_secret_test4_put.py" line="43" name="测试更新各种类型保密字典的数据[用户名-密码类型]" time="0.209"></testcase><testcase classname="new_case.domain.test_domain_test1_post_L1.TestPostDomain" file="new_case/domain/test_domain_test1_post_L1.py" line="21" name="测试_创建泛域名_L1[有集群指定不存在的项目]" time="0.151"></testcase><testcase classname="new_case.secret.test_secret_test4_put.TestPutSecret" file="new_case/secret/test_secret_test4_put.py" line="43" name="测试更新各种类型保密字典的数据[镜像服务类型]" time="0.184"></testcase><testcase classname="new_case.secret.test_secret_test4_put.TestPutSecret" file="new_case/secret/test_secret_test4_put.py" line="53" name="测试保密字典更新审计" time="0.000"><skipped message="do not have audit" type="pytest.skip">new_case/secret/test_secret_test4_put.py:53: do not have audit</skipped></testcase><testcase classname="new_case.ingress.test_ingress_test3_list_L1.TestListIngress" file="new_case/ingress/test_ingress_test3_list_L1.py" line="29" name="测试_标准API_访问规则列表L1_按名称搜索" time="0.408"></testcase><testcase classname="new_case.domain.test_domain_test1_post_L1.TestPostDomain" file="new_case/domain/test_domain_test1_post_L1.py" line="21" name="测试_创建泛域名_L1[指定不存在的集群指定项目]" time="0.167"></testcase><testcase classname="new_case.domain.test_domain_test1_post_L1.TestPostDomain" file="new_case/domain/test_domain_test1_post_L1.py" line="29" name="测试全域名创建审计" time="0.001"><skipped message="do not have audit" type="pytest.skip">new_case/domain/test_domain_test1_post_L1.py:29: do not have audit</skipped></testcase><testcase classname="new_case.ingress.test_ingress_test3_list_L1.TestListIngress" file="new_case/ingress/test_ingress_test3_list_L1.py" line="42" name="测试_标准API_访问规则列表L1_按名称搜索_不存在" time="0.090"></testcase><testcase classname="new_case.domain.test_domain_test2_list_L1.TestListDomain" file="new_case/domain/test_domain_test2_list_L1.py" line="15" name="测试_域名列表_L1" time="0.071"></testcase><testcase classname="new_case.secret.test_secret_test5_delete.TestDeleteSecret" file="new_case/secret/test_secret_test5_delete.py" line="26" name="测试删除含有多组数据的保密字典" time="0.199"></testcase><testcase classname="new_case.domain.test_domain_test2_list_L1.TestListDomain" file="new_case/domain/test_domain_test2_list_L1.py" line="32" name="测试_域名列表_L1_有limit和continue参数" time="0.119"></testcase><testcase classname="new_case.ingress.test_ingress_test4_put_L1.TestUpdateIngress" file="new_case/ingress/test_ingress_test4_put_L1.py" line="14" name="测试_标准API_更新访问规则L1[https类型一组规则和一个域名更新到无数据]" time="0.225"></testcase><testcase classname="new_case.domain.test_domain_test2_list_L1.TestListDomain" file="new_case/domain/test_domain_test2_list_L1.py" line="40" name="测试_域名列表L1_按项目搜索_验证泛域名[有指定项目有集群]" time="0.072"></testcase><testcase classname="new_case.secret.test_secret_test5_delete.TestDeleteSecret" file="new_case/secret/test_secret_test5_delete.py" line="37" name="测试删除保密字典[Opaque类型]" time="0.176"></testcase><testcase classname="new_case.domain.test_domain_test2_list_L1.TestListDomain" file="new_case/domain/test_domain_test2_list_L1.py" line="40" name="测试_域名列表L1_按项目搜索_验证泛域名[无集群无项目]" time="0.074"></testcase><testcase classname="new_case.domain.test_domain_test2_list_L1.TestListDomain" file="new_case/domain/test_domain_test2_list_L1.py" line="40" name="测试_域名列表L1_按项目搜索_验证泛域名[有集群分配到全部项目]" time="0.078"></testcase><testcase classname="new_case.secret.test_secret_test5_delete.TestDeleteSecret" file="new_case/secret/test_secret_test5_delete.py" line="37" name="测试删除保密字典[SSH类型]" time="0.122"></testcase><testcase classname="new_case.ingress.test_ingress_test4_put_L1.TestUpdateIngress" file="new_case/ingress/test_ingress_test4_put_L1.py" line="14" name="测试_标准API_更新访问规则L1[无数据更新到https类型一组规则和一个域名]" time="0.217"></testcase><testcase classname="new_case.domain.test_domain_test2_list_L1.TestListDomain" file="new_case/domain/test_domain_test2_list_L1.py" line="40" name="测试_域名列表L1_按项目搜索_验证泛域名[有集群指定不存在的项目]" time="0.074"></testcase><testcase classname="new_case.secret.test_secret_test5_delete.TestDeleteSecret" file="new_case/secret/test_secret_test5_delete.py" line="37" name="测试删除保密字典[用户名-密码类型]" time="0.110"></testcase><testcase classname="new_case.domain.test_domain_test2_list_L1.TestListDomain" file="new_case/domain/test_domain_test2_list_L1.py" line="40" name="测试_域名列表L1_按项目搜索_验证泛域名[指定不存在的集群指定项目]" time="0.065"></testcase><testcase classname="new_case.domain.test_domain_test2_list_L1.TestListDomain" file="new_case/domain/test_domain_test2_list_L1.py" line="54" name="测试_域名列表L1_按项目搜索_验证全域名[有指定项目有集群]" time="0.066"></testcase><testcase classname="new_case.secret.test_secret_test5_delete.TestDeleteSecret" file="new_case/secret/test_secret_test5_delete.py" line="37" name="测试删除保密字典[镜像服务类型]" time="0.114"></testcase><testcase classname="new_case.secret.test_secret_test5_delete.TestDeleteSecret" file="new_case/secret/test_secret_test5_delete.py" line="49" name="测试保密字典删除审计" time="0.000"><skipped message="do not have audit" type="pytest.skip">new_case/secret/test_secret_test5_delete.py:49: do not have audit</skipped></testcase><testcase classname="new_case.ingress.test_ingress_test4_put_L1.TestUpdateIngress" file="new_case/ingress/test_ingress_test4_put_L1.py" line="14" name="测试_标准API_更新访问规则L1[http类型多组规则更新到只有域名]" time="0.203"></testcase><testcase classname="new_case.domain.test_domain_test2_list_L1.TestListDomain" file="new_case/domain/test_domain_test2_list_L1.py" line="54" name="测试_域名列表L1_按项目搜索_验证全域名[无集群无项目]" time="0.094"></testcase><testcase classname="new_case.domain.test_domain_test2_list_L1.TestListDomain" file="new_case/domain/test_domain_test2_list_L1.py" line="54" name="测试_域名列表L1_按项目搜索_验证全域名[有集群分配到全部项目]" time="0.064"></testcase><testcase classname="new_case.domain.test_domain_test2_list_L1.TestListDomain" file="new_case/domain/test_domain_test2_list_L1.py" line="54" name="测试_域名列表L1_按项目搜索_验证全域名[有集群指定不存在的项目]" time="0.065"></testcase><testcase classname="new_case.ingress.test_ingress_test4_put_L1.TestUpdateIngress" file="new_case/ingress/test_ingress_test4_put_L1.py" line="14" name="测试_标准API_更新访问规则L1[http类型只有规则更新到http类型多组规则更新]" time="0.210"></testcase><testcase classname="new_case.domain.test_domain_test2_list_L1.TestListDomain" file="new_case/domain/test_domain_test2_list_L1.py" line="54" name="测试_域名列表L1_按项目搜索_验证全域名[指定不存在的集群指定项目]" time="0.066"></testcase><testcase classname="new_case.domain.test_domain_test3_patch_L1.TestPatchDomain" file="new_case/domain/test_domain_test3_patch_L1.py" line="13" name="测试_更新域名_L1[全域名更新到无集群无项目]" time="0.150"></testcase><testcase classname="new_case.ingress.test_ingress_test4_put_L1.TestUpdateIngress" file="new_case/ingress/test_ingress_test4_put_L1.py" line="14" name="测试_标准API_更新访问规则L1[http类型只有域名http类型一组规则和一个域名]" time="0.210"></testcase><testcase classname="new_case.ingress.test_ingress_test4_put_L1.TestUpdateIngress" file="new_case/ingress/test_ingress_test4_put_L1.py" line="26" name="测试_标准API_更新访问规则L1_不存在" time="0.148"></testcase><testcase classname="new_case.ingress.test_ingress_test4_put_L1.TestUpdateIngress" file="new_case/ingress/test_ingress_test4_put_L1.py" line="33" name="测试更新访问规则审计" time="0.001"><skipped message="do not have audit" type="pytest.skip">new_case/ingress/test_ingress_test4_put_L1.py:33: do not have audit</skipped></testcase><testcase classname="new_case.domain.test_domain_test3_patch_L1.TestPatchDomain" file="new_case/domain/test_domain_test3_patch_L1.py" line="13" name="测试_更新域名_L1[全域名更新到有集群分配到全部项目]" time="0.184"></testcase><testcase classname="new_case.ingress.test_ingress_test5_delete_L1.TestPutIngress" file="new_case/ingress/test_ingress_test5_delete_L1.py" line="14" name="测试_标准API_删除访问规则L1[https类型一组规则和一个域名]" time="0.055"></testcase><testcase classname="new_case.domain.test_domain_test3_patch_L1.TestPatchDomain" file="new_case/domain/test_domain_test3_patch_L1.py" line="13" name="测试_更新域名_L1[全域名更新到有集群指定项目]" time="0.160"></testcase><testcase classname="new_case.ingress.test_ingress_test5_delete_L1.TestPutIngress" file="new_case/ingress/test_ingress_test5_delete_L1.py" line="14" name="测试_标准API_删除访问规则L1[无数据]" time="0.106"></testcase><testcase classname="new_case.ingress.test_ingress_test5_delete_L1.TestPutIngress" file="new_case/ingress/test_ingress_test5_delete_L1.py" line="14" name="测试_标准API_删除访问规则L1[http类型多组规则]" time="0.062"></testcase><testcase classname="new_case.ingress.test_ingress_test5_delete_L1.TestPutIngress" file="new_case/ingress/test_ingress_test5_delete_L1.py" line="14" name="测试_标准API_删除访问规则L1[http类型只有规则]" time="0.075"></testcase><testcase classname="new_case.domain.test_domain_test3_patch_L1.TestPatchDomain" file="new_case/domain/test_domain_test3_patch_L1.py" line="13" name="测试_更新域名_L1[泛域名更新到无集群无项目]" time="0.186"></testcase><testcase classname="new_case.secret.test_secret_test6_post_L2.TestPostSecret" file="new_case/secret/test_secret_test6_post_L2.py" line="261" name="测试创建各种保密字典L2[创建保密字典名称为64个英文字符]" time="0.970"></testcase><testcase classname="new_case.ingress.test_ingress_test5_delete_L1.TestPutIngress" file="new_case/ingress/test_ingress_test5_delete_L1.py" line="14" name="测试_标准API_删除访问规则L1[http类型只有域名]" time="0.082"></testcase><testcase classname="new_case.ingress.test_ingress_test5_delete_L1.TestPutIngress" file="new_case/ingress/test_ingress_test5_delete_L1.py" line="22" name="测试_标准API_删除访问规则L1_不存在" time="0.071"></testcase><testcase classname="new_case.ingress.test_ingress_test5_delete_L1.TestPutIngress" file="new_case/ingress/test_ingress_test5_delete_L1.py" line="27" name="测试访问规则删除审计" time="0.000"><skipped message="do not have audit" type="pytest.skip">new_case/ingress/test_ingress_test5_delete_L1.py:27: do not have audit</skipped></testcase><testcase classname="new_case.domain.test_domain_test3_patch_L1.TestPatchDomain" file="new_case/domain/test_domain_test3_patch_L1.py" line="13" name="测试_更新域名_L1[泛域名更新到有集群分配到全部项目]" time="0.165"></testcase><testcase classname="new_case.secret.test_secret_test6_post_L2.TestPostSecret" file="new_case/secret/test_secret_test6_post_L2.py" line="261" name="测试创建各种保密字典L2[创建Opaque保密字典key带有253个字符]" time="0.187"></testcase><testcase classname="new_case.domain.test_domain_test3_patch_L1.TestPatchDomain" file="new_case/domain/test_domain_test3_patch_L1.py" line="13" name="测试_更新域名_L1[泛域名更新到有集群指定项目]" time="0.195"></testcase><testcase classname="new_case.domain.test_domain_test3_patch_L1.TestPatchDomain" file="new_case/domain/test_domain_test3_patch_L1.py" line="21" name="测试域名更新审计" time="0.000"><skipped message="do not have audit" type="pytest.skip">new_case/domain/test_domain_test3_patch_L1.py:21: do not have audit</skipped></testcase><testcase classname="new_case.secret.test_secret_test6_post_L2.TestPostSecret" file="new_case/secret/test_secret_test6_post_L2.py" line="261" name="测试创建各种保密字典L2[创建Opaque保密字典data字段为空]" time="0.196"></testcase><testcase classname="new_case.domain.test_domain_test4_delete_L1.TestDeleteDomain" file="new_case/domain/test_domain_test4_delete_L1.py" line="13" name="测试_删除全域名_L1[有指定项目有集群]" time="0.066"></testcase><testcase classname="new_case.domain.test_domain_test4_delete_L1.TestDeleteDomain" file="new_case/domain/test_domain_test4_delete_L1.py" line="13" name="测试_删除全域名_L1[无集群无项目]" time="0.093"></testcase><testcase classname="new_case.secret.test_secret_test6_post_L2.TestPostSecret" file="new_case/secret/test_secret_test6_post_L2.py" line="261" name="测试创建各种保密字典L2[创建Opaque保密字典名称为空]" time="0.186"></testcase><testcase classname="new_case.domain.test_domain_test4_delete_L1.TestDeleteDomain" file="new_case/domain/test_domain_test4_delete_L1.py" line="13" name="测试_删除全域名_L1[有集群分配到全部项目]" time="0.087"></testcase><testcase classname="new_case.service.test_service.TestService" file="new_case/service/test_service.py" line="38" name="测试_标准API_内部路由列表" time="5.086"></testcase><testcase classname="new_case.domain.test_domain_test4_delete_L1.TestDeleteDomain" file="new_case/domain/test_domain_test4_delete_L1.py" line="13" name="测试_删除全域名_L1[有集群指定不存在的项目]" time="0.069"></testcase><testcase classname="new_case.service.test_service.TestService" file="new_case/service/test_service.py" line="50" name="测试_标准API_搜索内部路由_ClusterIP一组数据" time="0.079"></testcase><testcase classname="new_case.domain.test_domain_test4_delete_L1.TestDeleteDomain" file="new_case/domain/test_domain_test4_delete_L1.py" line="13" name="测试_删除全域名_L1[指定不存在的集群指定项目]" time="0.092"></testcase><testcase classname="new_case.ingress.test_ingress_test6_post_L2.TestPostIngressNegative" file="new_case/ingress/test_ingress_test6_post_L2.py" line="22" name="测试_创建名称为空的访问规则L2" time="0.743"></testcase><testcase classname="new_case.secret.test_secret_test6_post_L2.TestPostSecret" file="new_case/secret/test_secret_test6_post_L2.py" line="261" name="测试创建各种保密字典L2[创建Opaque保密字典名称为254个英文字符]" time="0.261"></testcase><testcase classname="new_case.domain.test_domain_test4_delete_L1.TestDeleteDomain" file="new_case/domain/test_domain_test4_delete_L1.py" line="21" name="测试_删除泛域名_L1[有指定项目有集群]" time="0.087"></testcase><testcase classname="new_case.domain.test_domain_test4_delete_L1.TestDeleteDomain" file="new_case/domain/test_domain_test4_delete_L1.py" line="21" name="测试_删除泛域名_L1[无集群无项目]" time="0.068"></testcase><testcase classname="new_case.service.test_service.TestService" file="new_case/service/test_service.py" line="60" name="测试_标准API_更新内部路由_ClusterIP一组数据" time="0.260"></testcase><testcase classname="new_case.ingress.test_ingress_test6_post_L2.TestPostIngressNegative" file="new_case/ingress/test_ingress_test6_post_L2.py" line="31" name="测试_创建名称为63位英文字符的访问规则L2" time="0.199"></testcase><testcase classname="new_case.ingress.test_ingress_test6_post_L2.TestPostIngressNegative" file="new_case/ingress/test_ingress_test6_post_L2.py" line="40" name="测试_创建名称为64位英文字符的访问规则L2" time="0.000"><skipped message="http://jira.alauda.cn/browse/ACP-1576" type="pytest.skip">new_case/ingress/test_ingress_test6_post_L2.py:40: http://jira.alauda.cn/browse/ACP-1576</skipped></testcase><testcase classname="new_case.service.test_service.TestService" file="new_case/service/test_service.py" line="74" name="测试_标准API_删除内部路由_ClusterIP一组数据" time="0.200"></testcase><testcase classname="new_case.secret.test_secret_test6_post_L2.TestPostSecret" file="new_case/secret/test_secret_test6_post_L2.py" line="261" name="测试创建各种保密字典L2[创建Opaque保密字典与已存在的同名]" time="0.343"></testcase><testcase classname="new_case.ingress.test_ingress_test6_post_L2.TestPostIngressNegative" file="new_case/ingress/test_ingress_test6_post_L2.py" line="50" name="测试_Body体里的namespace与请求路径里的不一致L2" time="0.172"></testcase><testcase classname="new_case.domain.test_domain_test4_delete_L1.TestDeleteDomain" file="new_case/domain/test_domain_test4_delete_L1.py" line="21" name="测试_删除泛域名_L1[有集群分配到全部项目]" time="0.316"></testcase><testcase classname="new_case.domain.test_domain_test4_delete_L1.TestDeleteDomain" file="new_case/domain/test_domain_test4_delete_L1.py" line="21" name="测试_删除泛域名_L1[有集群指定不存在的项目]" time="0.096"></testcase><testcase classname="new_case.service.test_service_test1_post_L1.TestPostService" file="new_case/service/test_service_test1_post_L1.py" line="14" name="测试_标准API_创建内部路由L1[一组clusterip数据-源地址会话保持]" time="0.208"></testcase><testcase classname="new_case.ingress.test_ingress_test6_post_L2.TestPostIngressNegative" file="new_case/ingress/test_ingress_test6_post_L2.py" line="58" name="测试_创建内部路由为空的访问规则L2" time="0.209"></testcase><testcase classname="new_case.domain.test_domain_test4_delete_L1.TestDeleteDomain" file="new_case/domain/test_domain_test4_delete_L1.py" line="21" name="测试_删除泛域名_L1[指定不存在的集群指定项目]" time="0.088"></testcase><testcase classname="new_case.ingress.test_ingress_test6_post_L2.TestPostIngressNegative" file="new_case/ingress/test_ingress_test6_post_L2.py" line="68" name="测试_创建服务端口号位65536的访问规则L2" time="0.000"><skipped message="http://jira.alauda.cn/browse/ACP-1579" type="pytest.skip">new_case/ingress/test_ingress_test6_post_L2.py:68: http://jira.alauda.cn/browse/ACP-1579</skipped></testcase><testcase classname="new_case.secret.test_secret_test6_post_L2.TestPostSecret" file="new_case/secret/test_secret_test6_post_L2.py" line="261" name="测试创建各种保密字典L2[创建Opaque保密字典名称包含非法字符]" time="0.255"></testcase><testcase classname="new_case.domain.test_domain_test4_delete_L1.TestDeleteDomain" file="new_case/domain/test_domain_test4_delete_L1.py" line="29" name="测试_删除域名_L1_不存在" time="0.064"></testcase><testcase classname="new_case.domain.test_domain_test4_delete_L1.TestDeleteDomain" file="new_case/domain/test_domain_test4_delete_L1.py" line="33" name="测试域名删除审计" time="0.002"><skipped message="do not have audit" type="pytest.skip">new_case/domain/test_domain_test4_delete_L1.py:33: do not have audit</skipped></testcase><testcase classname="new_case.service.test_service_test1_post_L1.TestPostService" file="new_case/service/test_service_test1_post_L1.py" line="14" name="测试_标准API_创建内部路由L1[多组nodeport数据-源地址会话保持]" time="0.197"></testcase><testcase classname="new_case.secret.test_secret_test6_post_L2.TestPostSecret" file="new_case/secret/test_secret_test6_post_L2.py" line="261" name="测试创建各种保密字典L2[创建Opaque保密字典key为空]" time="0.158"></testcase><testcase classname="new_case.service.test_service_test1_post_L1.TestPostService" file="new_case/service/test_service_test1_post_L1.py" line="14" name="测试_标准API_创建内部路由L1[一组clusterip数据-headless]" time="0.237"></testcase><testcase classname="new_case.secret.test_secret_test6_post_L2.TestPostSecret" file="new_case/secret/test_secret_test6_post_L2.py" line="261" name="测试创建各种保密字典L2[创建TLS保密字典仅有证书没有私钥]" time="0.233"></testcase><testcase classname="new_case.service.test_service_test1_post_L1.TestPostService" file="new_case/service/test_service_test1_post_L1.py" line="14" name="测试_标准API_创建内部路由L1[一组clusterip数据-headless关闭]" time="0.165"></testcase><testcase classname="new_case.secret.test_secret_test6_post_L2.TestPostSecret" file="new_case/secret/test_secret_test6_post_L2.py" line="261" name="测试创建各种保密字典L2[创建TLS保密字典仅有私钥没有证书]" time="0.182"></testcase><testcase classname="new_case.ingress.test_ingress_test6_post_L2.TestPostIngressNegative" file="new_case/ingress/test_ingress_test6_post_L2.py" line="75" name="测试_创建名称已存在L2" time="0.715"></testcase><testcase classname="new_case.service.test_service_test1_post_L1.TestPostService" file="new_case/service/test_service_test1_post_L1.py" line="23" name="测试_标准API_创建内部路由L1_必填项校验" time="0.260"></testcase><testcase classname="new_case.secret.test_secret_test6_post_L2.TestPostSecret" file="new_case/secret/test_secret_test6_post_L2.py" line="261" name="测试创建各种保密字典L2[创建SSH认证保密字典使用非法的ssh私钥]" time="0.196"></testcase><testcase classname="new_case.service.test_service_test2_get_L1.TestGetService" file="new_case/service/test_service_test2_get_L1.py" line="15" name="测试_标准API_内部路由详情L1[一组clusterip数据-源地址会话保持]" time="0.124"></testcase><testcase classname="new_case.ingress.test_ingress_test6_post_L2.TestPostIngressNegative" file="new_case/ingress/test_ingress_test6_post_L2.py" line="85" name="测试_创建名称带有非法字符的访问规则L2" time="0.205"></testcase><testcase classname="new_case.secret.test_secret_test6_post_L2.TestPostSecret" file="new_case/secret/test_secret_test6_post_L2.py" line="261" name="测试创建各种保密字典L2[创建SSH认证保密字典ssh私钥为空]" time="0.210"></testcase><testcase classname="new_case.service.test_service_test2_get_L1.TestGetService" file="new_case/service/test_service_test2_get_L1.py" line="15" name="测试_标准API_内部路由详情L1[多组nodeport数据-源地址会话保持]" time="0.094"></testcase><testcase classname="new_case.ingress.test_ingress_test6_post_L2.TestPostIngressNegative" file="new_case/ingress/test_ingress_test6_post_L2.py" line="94" name="测试_创建规则路径不以反斜线开头的访问规则L2" time="0.202"></testcase><testcase classname="new_case.service.test_service_test2_get_L1.TestGetService" file="new_case/service/test_service_test2_get_L1.py" line="15" name="测试_标准API_内部路由详情L1[一组clusterip数据-headless]" time="0.113"></testcase><testcase classname="new_case.service.test_service_test2_get_L1.TestGetService" file="new_case/service/test_service_test2_get_L1.py" line="15" name="测试_标准API_内部路由详情L1[一组clusterip数据-headless关闭]" time="0.081"></testcase><testcase classname="new_case.secret.test_secret_test6_post_L2.TestPostSecret" file="new_case/secret/test_secret_test6_post_L2.py" line="261" name="测试创建各种保密字典L2[创建基本认证data字段为空]" time="0.210"></testcase><testcase classname="new_case.service.test_service_test2_get_L1.TestGetService" file="new_case/service/test_service_test2_get_L1.py" line="24" name="测试_标准API_内部路由详情L1_不存在" time="0.084"></testcase><testcase classname="new_case.service.test_service_test3_list_L1.TestListService" file="new_case/service/test_service_test3_list_L1.py" line="15" name="测试_标准API_内部路由列表L1_不存在" time="0.127"></testcase><testcase classname="new_case.service.test_service_test3_list_L1.TestListService" file="new_case/service/test_service_test3_list_L1.py" line="21" name="测试_标准API_内部路由列表L1_有limit和continue参数" time="0.138"></testcase><testcase classname="new_case.service.test_service_test3_list_L1.TestListService" file="new_case/service/test_service_test3_list_L1.py" line="29" name="测试_标准API_内部路由列表L1_按名称搜索" time="0.319"></testcase><testcase classname="new_case.service.test_service_test3_list_L1.TestListService" file="new_case/service/test_service_test3_list_L1.py" line="42" name="测试_标准API_内部路由列表L1_按名称搜索_不存在" time="0.105"></testcase><testcase classname="new_case.ingress.test_ingress_test6_post_L2.TestPostIngressNegative" file="new_case/ingress/test_ingress_test6_post_L2.py" line="103" name="测试_创建域名含有特殊字符的访问规则L2" time="1.096"></testcase><testcase classname="new_case.service.test_service_test4_put_L1.TestUpdateService" file="new_case/service/test_service_test4_put_L1.py" line="14" name="测试_标准API_更新内部路由L1[一组clusterip数据-源地址会话保持更新为多组clusterip数据无会话保持]" time="0.380"></testcase><testcase classname="new_case.secret.test_secret_test6_post_L2.TestPostSecret" file="new_case/secret/test_secret_test6_post_L2.py" line="261" name="测试创建各种保密字典L2[创建镜像服务dockerconfigjson为空]" time="1.276"></testcase><testcase classname="new_case.service.test_service_test4_put_L1.TestUpdateService" file="new_case/service/test_service_test4_put_L1.py" line="14" name="测试_标准API_更新内部路由L1[多组nodeport数据-源地址会话保持更新为nodeport多组数据源地址会话保持]" time="0.322"></testcase><testcase classname="new_case.service.test_service_test4_put_L1.TestUpdateService" file="new_case/service/test_service_test4_put_L1.py" line="14" name="测试_标准API_更新内部路由L1[一组clusterip数据-headless更新为多组数据]" time="0.267"></testcase><testcase classname="new_case.service.test_service_test4_put_L1.TestUpdateService" file="new_case/service/test_service_test4_put_L1.py" line="28" name="测试_标准API_更新内部路由L1_不存在" time="0.151"></testcase><testcase classname="new_case.service.test_service_test4_put_L1.TestUpdateService" file="new_case/service/test_service_test4_put_L1.py" line="33" name="测试内部路由更新审计" time="0.001"><skipped message="do not have audit" type="pytest.skip">new_case/service/test_service_test4_put_L1.py:33: do not have audit</skipped></testcase><testcase classname="new_case.service.test_service_test5_delete_L1.TestPutService" file="new_case/service/test_service_test5_delete_L1.py" line="18" name="测试_标准API_删除内部路由L1[一组clusterip数据-源地址会话保持]" time="0.072"></testcase><testcase classname="new_case.service.test_service_test5_delete_L1.TestPutService" file="new_case/service/test_service_test5_delete_L1.py" line="18" name="测试_标准API_删除内部路由L1[多组nodeport数据-源地址会话保持]" time="0.082"></testcase><testcase classname="new_case.service.test_service_test5_delete_L1.TestPutService" file="new_case/service/test_service_test5_delete_L1.py" line="18" name="测试_标准API_删除内部路由L1[一组clusterip数据-headless]" time="0.068"></testcase><testcase classname="new_case.service.test_service_test5_delete_L1.TestPutService" file="new_case/service/test_service_test5_delete_L1.py" line="18" name="测试_标准API_删除内部路由L1[一组clusterip数据-headless关闭]" time="0.060"></testcase><testcase classname="new_case.service.test_service_test5_delete_L1.TestPutService" file="new_case/service/test_service_test5_delete_L1.py" line="26" name="测试_标准API_删除内部路由L1_不存在" time="0.058"></testcase><testcase classname="new_case.service.test_service_test5_delete_L1.TestPutService" file="new_case/service/test_service_test5_delete_L1.py" line="30" name="测试内部路由删除审计" time="0.217"><skipped message="do not have audit" type="pytest.skip">new_case/service/test_service_test5_delete_L1.py:30: do not have audit</skipped></testcase><testcase classname="new_case.service.test_service_test6_post_L2.TestPostService" file="new_case/service/test_service_test6_post_L2.py" line="24" name="测试_标准API_创建内部路由L2_正向[创建UDP协议的service]" time="2.215"></testcase><testcase classname="new_case.service.test_service_test6_post_L2.TestPostService" file="new_case/service/test_service_test6_post_L2.py" line="24" name="测试_标准API_创建内部路由L2_正向[创建HTTP协议的service]" time="0.205"></testcase><testcase classname="new_case.service.test_service_test6_post_L2.TestPostService" file="new_case/service/test_service_test6_post_L2.py" line="24" name="测试_标准API_创建内部路由L2_正向[创建HTTPS协议的service]" time="0.174"></testcase><testcase classname="new_case.service.test_service_test6_post_L2.TestPostService" file="new_case/service/test_service_test6_post_L2.py" line="24" name="测试_标准API_创建内部路由L2_正向[创建HTTP2协议的service]" time="0.185"></testcase><testcase classname="new_case.service.test_service_test6_post_L2.TestPostService" file="new_case/service/test_service_test6_post_L2.py" line="24" name="测试_标准API_创建内部路由L2_正向[创建gRPC协议的service]" time="0.196"></testcase><testcase classname="new_case.service.test_service_test6_post_L2.TestPostService" file="new_case/service/test_service_test6_post_L2.py" line="24" name="测试_标准API_创建内部路由L2_正向[创建带有32个英文字符的名称的service]" time="0.168"></testcase><testcase classname="new_case.service.test_service_test6_post_L2.TestPostService" file="new_case/service/test_service_test6_post_L2.py" line="24" name="测试_标准API_创建内部路由L2_正向[创建一个TCP一个UDP型端口]" time="0.187"></testcase><testcase classname="new_case.service.test_service_test6_post_L2.TestPostService" file="new_case/service/test_service_test6_post_L2.py" line="24" name="测试_标准API_创建内部路由L2_正向[服务端口为65535]" time="0.183"></testcase><testcase classname="new_case.service.test_service_test6_post_L2.TestPostService" file="new_case/service/test_service_test6_post_L2.py" line="24" name="测试_标准API_创建内部路由L2_正向[容器端口为65535]" time="0.176"></testcase><testcase classname="new_case.service.test_service_test6_post_L2.TestPostService" file="new_case/service/test_service_test6_post_L2.py" line="24" name="测试_标准API_创建内部路由L2_正向[创建一个service使用不同的协议具有使用相同的服务端口]" time="0.199"></testcase><testcase classname="new_case.service.test_service_test6_post_L2.TestPostService" file="new_case/service/test_service_test6_post_L2.py" line="24" name="测试_标准API_创建内部路由L2_正向[创建一个service使用相同的容器端口]" time="0.168"></testcase><testcase classname="new_case.service.test_service_test6_post_L2.TestPostService" file="new_case/service/test_service_test6_post_L2.py" line="33" name="测试_标准API_创建内部路由L2_逆向[创建带有非法字名称的service]" time="0.162"></testcase><testcase classname="new_case.service.test_service_test6_post_L2.TestPostService" file="new_case/service/test_service_test6_post_L2.py" line="33" name="测试_标准API_创建内部路由L2_逆向[创建名称为空的service]" time="0.167"></testcase><testcase classname="new_case.service.test_service_test6_post_L2.TestPostService" file="new_case/service/test_service_test6_post_L2.py" line="33" name="测试_标准API_创建内部路由L2_逆向[创建与已存在的service同名的service]" time="0.388"></testcase><testcase classname="new_case.service.test_service_test6_post_L2.TestPostService" file="new_case/service/test_service_test6_post_L2.py" line="33" name="测试_标准API_创建内部路由L2_逆向[创建端口名称带有非法字符的service]" time="0.120"></testcase><testcase classname="new_case.service.test_service_test6_post_L2.TestPostService" file="new_case/service/test_service_test6_post_L2.py" line="33" name="测试_标准API_创建内部路由L2_逆向[创建一个不支持的协议类型]" time="0.172"></testcase><testcase classname="new_case.service.test_service_test6_post_L2.TestPostService" file="new_case/service/test_service_test6_post_L2.py" line="33" name="测试_标准API_创建内部路由L2_逆向[服务端口为65536]" time="0.304"></testcase><testcase classname="new_case.service.test_service_test6_post_L2.TestPostService" file="new_case/service/test_service_test6_post_L2.py" line="33" name="测试_标准API_创建内部路由L2_逆向[服务端口为0]" time="0.128"></testcase><testcase classname="new_case.service.test_service_test6_post_L2.TestPostService" file="new_case/service/test_service_test6_post_L2.py" line="33" name="测试_标准API_创建内部路由L2_逆向[容器端口为65536]" time="0.158"></testcase><testcase classname="new_case.service.test_service_test6_post_L2.TestPostService" file="new_case/service/test_service_test6_post_L2.py" line="33" name="测试_标准API_创建内部路由L2_逆向[创建一个service使用相同的协议具有相同的服务端口]" time="0.216"></testcase><testcase classname="new_case.service.test_service_test6_post_L2.TestPostService" file="new_case/service/test_service_test6_post_L2.py" line="45" name="测试_标准API_创建内部路由L2_逆向_已知问题[容器端口为0]" time="0.000"><skipped message="http://jira.alauda.cn/browse/ACP-1587, http://jira.alauda.cn/browse/ACP-1588" type="pytest.skip">new_case/service/test_service_test6_post_L2.py:45: http://jira.alauda.cn/browse/ACP-1587, http://jira.alauda.cn/browse/ACP-1588</skipped></testcase><testcase classname="new_case.service.test_service_test6_post_L2.TestPostService" file="new_case/service/test_service_test6_post_L2.py" line="45" name="测试_标准API_创建内部路由L2_逆向_已知问题[创建带有33个英文字符的service]" time="1.725"><skipped message="http://jira.alauda.cn/browse/ACP-1587, http://jira.alauda.cn/browse/ACP-1588" type="pytest.skip">new_case/service/test_service_test6_post_L2.py:45: http://jira.alauda.cn/browse/ACP-1587, http://jira.alauda.cn/browse/ACP-1588</skipped></testcase></testsuite></testsuites>